卖家件数：429679
买家件数：100000
品种：CF
具有第一意向的客户数：49151
具有第二意向的客户数：45913
具有第三意向的客户数：42652
具有第四意向的客户数：39294
具有第五意向的客户数：36018
卖家数：399837
买家数：50000
卖家所有货物数：2000000
买家所有货物数：2000000
品种：SR
具有第一意向的客户数：48961
具有第二意向的客户数：43500
具有第三意向的客户数：38055
具有第四意向的客户数：32722
具有第五意向的客户数：0
卖家数：29842
买家数：50000
卖家所有货物数：3000000
买家所有货物数：3000000
第一意向 类别数：126
第一意向 类别数：38
产地_hope_group:2
产地_hope_group:0
仓库_hope_group:23
仓库_hope_group:13
品牌_hope_group:0
品牌_hope_group:20
年度_hope_group:2
年度_hope_group:2
等级_hope_group:75
等级_hope_group:2
类别_hope_group:23
类别_hope_group:0
意向 仓库:331 (249)
意向 仓库:328 (233)
意向 仓库:313 (2581)
意向 仓库:335 (251)
意向 仓库:311 (2612)
意向 仓库:445 (417)
意向 仓库:438 (438)
意向 仓库:306 (226)
意向 仓库:417 (392)
意向 仓库:304 (2679)
意向 仓库:435 (421)
意向 仓库:326 (240)
意向 仓库:322 (269)
意向 仓库:441 (405)
意向 仓库:332 (213)
意向 仓库:330 (235)
意向 仓库:320 (256)
意向 仓库:307 (234)
意向 仓库:325 (2596)
意向 仓库:303 (251)
意向 仓库:301 (2544)
意向 仓库:324 (2644)
意向 仓库:319 (235)
意向 仓库:112 (415)
意向 仓库:302 (264)
意向 仓库:452 (437)
意向 仓库:409 (422)
意向 仓库:308 (204)
意向 仓库:314 (218)
意向 仓库:428 (438)
意向 仓库:329 (269)
意向 仓库:309 (237)
意向 仓库:449 (410)
意向 仓库:437 (414)
意向 仓库:450 (438)
意向 仓库:445 (Remain:0)
意向 仓库:508 (383)
意向 仓库:449 (Remain:0)
意向 仓库:428 (Remain:0)
意向 仓库:417 (Remain:0)
意向 仓库:441 (Remain:0)
意向 仓库:409 (Remain:0)
意向 仓库:435 (Remain:0)
意向 仓库:112 (Remain:0)
意向 仓库:438 (Remain:0)
意向 仓库:452 (Remain:0)
意向 仓库:437 (Remain:0)
意向 仓库:508 (Remain:0)
意向 仓库:450 (Remain:0)
意向 品牌:骏马 (4480)
意向 品牌:仙人山 (400)
意向 品牌:伟恒 (430)
意向 品牌:绿原 (4499)
意向 品牌:冷山 (4501)
意向 品牌:蝶花 (4532)
意向 品牌:中糖 (4402)
意向 品牌:大湾江 (429)
意向 品牌:左江 (4463)
意向 品牌:龙田 (391)
意向 品牌:银盛 (443)
意向 品牌:四方 (395)
意向 品牌:四方 (Remain:0)
意向 品牌:黎山雪 (422)
意向 品牌:龙田 (Remain:0)
意向 品牌:甘岭 (382)
意向 品牌:大湾江 (Remain:0)
意向 品牌:桂兴 (392)
意向 品牌:伟恒 (Remain:0)
意向 品牌:高航 (417)
意向 品牌:仙人山 (Remain:0)
意向 品牌:龙二 (412)
意向 品牌:银盛 (Remain:0)
意向 品牌:西沁 (440)
意向 品牌:蝶花 (Remain:3456)
意向 品牌:陆屋 (424)
意向 品牌:中糖 (Remain:3316)
意向 品牌:那彭 (404)
意向 品牌:甘岭 (Remain:0)
意向 品牌:桂兴 (Remain:0)
意向 品牌:黎山雪 (Remain:0)
意向 品牌:高航 (Remain:0)
意向 品牌:龙二 (Remain:0)
意向 品牌:左江 (Remain:3247)
意向 品牌:绿原 (Remain:3121)
意向 品牌:骏马 (Remain:3124)
意向 品牌:西沁 (Remain:0)
意向 品牌:那彭 (Remain:0)
意向 品牌:陆屋 (Remain:0)
意向 品牌:冷山 (Remain:3005)
意向 等级:2 (2702)
意向 等级:1 (2745)
意向 仓库:308 (Remain:0)
意向 仓库:332 (Remain:0)
意向 仓库:306 (Remain:0)
意向 仓库:307 (Remain:0)
意向 仓库:328 (Remain:0)
意向 仓库:314 (Remain:0)
意向 仓库:303 (Remain:0)
意向 仓库:331 (Remain:0)
意向 仓库:320 (Remain:0)
意向 仓库:309 (Remain:0)
意向 仓库:319 (Remain:0)
意向 仓库:330 (Remain:0)
意向 仓库:329 (Remain:0)
意向 仓库:335 (Remain:0)
意向 仓库:326 (Remain:0)
意向 仓库:322 (Remain:0)
意向 仓库:302 (Remain:0)
意向 等级:1 (Remain:0)
意向 等级:2 (Remain:0)
意向 年度:1920 (2701)
意向 年度:2020 (2725)
意向 仓库:313 (Remain:1031)
意向 仓库:304 (Remain:1110)
意向 仓库:301 (Remain:956)
意向 仓库:325 (Remain:949)
意向 仓库:324 (Remain:946)
意向 仓库:311 (Remain:772)
意向 等级:1129B (36)
意向 等级:1230A (45)
意向 等级:1128C (44)
意向 等级:2127B (63)
意向 等级:4128A (49)
意向 等级:2229A (38)
意向 等级:4132B (47)
意向 等级:1130B (54)
意向 等级:2129A (49)
意向 等级:3132B (43)
意向 等级:2129C (38)
意向 等级:1229B (47)
意向 等级:3128B (42)
意向 等级:2227B (48)
意向 等级:1229A (54)
意向 等级:2131B (55)
意向 等级:2228A (52)
意向 等级:3130C (43)
意向 等级:2127A (36)
意向 等级:2131A (42)
意向 等级:1228C (56)
意向 等级:1227C (47)
意向 等级:2228B (47)
意向 等级:1130A (38)
意向 等级:2228C (49)
意向 等级:4130C (44)
意向 等级:2128C (53)
意向 等级:2130B (37)
意向 等级:2130A (40)
意向 等级:2127C (38)
意向 等级:3128A (42)
意向 等级:2127A (Remain:0)
意向 等级:4131B (33)
意向 等级:2130B (Remain:0)
意向 等级:2127C (Remain:0)
意向 等级:1127B (50)
意向 等级:3130B (52)
意向 等级:1130A (Remain:0)
意向 等级:4130B (44)
意向 等级:2129C (Remain:0)
意向 等级:2230B (46)
意向 等级:1129B (Remain:0)
意向 等级:2229C (42)
意向 等级:2130A (Remain:0)
意向 等级:2128A (47)
意向 等级:2131A (Remain:0)
意向 等级:2227A (36)
意向 等级:3132B (Remain:0)
意向 等级:4129C (44)
意向 等级:3130C (Remain:0)
意向 等级:1229C (46)
意向 等级:1230A (Remain:0)
意向 等级:2130C (52)
意向 等级:4130C (Remain:0)
意向 等级:1230B (47)
意向 等级:3128B (Remain:0)
意向 等级:1127C (45)
意向 等级:3128A (Remain:0)
意向 等级:3127A (28)
意向 等级:4132B (Remain:0)
意向 等级:1131B (57)
意向 等级:2228B (Remain:0)
意向 等级:3129A (48)
意向 等级:2229A (Remain:0)
意向 等级:2128B (46)
意向 等级:4128A (Remain:0)
意向 等级:4127B (37)
意向 等级:1128C (Remain:0)
意向 等级:3128C (52)
意向 等级:1229B (Remain:0)
意向 等级:1129C (39)
意向 等级:1227C (Remain:0)
意向 等级:1228B (44)
意向 等级:2129A (Remain:0)
意向 等级:2129B (46)
意向 等级:2228A (Remain:0)
意向 等级:4128B (37)
意向 等级:1229A (Remain:0)
意向 等级:3129B (49)
意向 等级:1130B (Remain:0)
意向 等级:4129B (37)
意向 等级:2227B (Remain:0)
意向 等级:1128B (44)
意向 等级:2228C (Remain:0)
意向 等级:1227B (59)
意向 等级:2131B (Remain:0)
意向 等级:1227A (42)
意向 等级:2128C (Remain:0)
意向 等级:1228A (42)
意向 等级:1228C (Remain:0)
意向 等级:3131B (51)
意向 等级:2127B (Remain:0)
意向 等级:3127C (36)
意向 等级:4131B (Remain:0)
意向 等级:4131A (45)
意向 等级:3127A (Remain:0)
意向 等级:3131A (39)
意向 等级:2227A (Remain:0)
意向 等级:1129A (46)
意向 等级:2229C (Remain:0)
意向 等级:3130A (46)
意向 等级:4130B (Remain:0)
意向 等级:4129A (38)
意向 等级:2230B (Remain:0)
意向 等级:1128A (42)
意向 等级:2128A (Remain:0)
意向 等级:3127B (39)
意向 等级:4127B (Remain:0)
意向 等级:4132A (43)
意向 等级:1129C (Remain:0)
意向 等级:4128C (39)
意向 等级:1127B (Remain:0)
意向 等级:3129C (33)
意向 等级:4129C (Remain:0)
意向 等级:4130A (41)
意向 等级:4129B (Remain:0)
意向 等级:1130C (47)
意向 等级:4128B (Remain:0)
意向 等级:2229B (38)
意向 等级:1228B (Remain:0)
意向 等级:3130B (Remain:0)
意向 等级:1229C (Remain:0)
意向 等级:3129A (Remain:0)
意向 等级:1127C (Remain:0)
意向 等级:1230B (Remain:0)
意向 等级:2129B (Remain:0)
意向 等级:1227A (Remain:0)
意向 等级:2130C (Remain:0)
意向 等级:1228A (Remain:0)
意向 等级:3128C (Remain:0)
意向 等级:3127C (Remain:0)
意向 等级:1128B (Remain:0)
意向 等级:2128B (Remain:0)
意向 等级:3129B (Remain:0)
意向 等级:4131A (Remain:0)
意向 等级:1131B (Remain:0)
意向 等级:3131A (Remain:0)
意向 等级:3131B (Remain:0)
意向 等级:4129A (Remain:0)
意向 等级:1227B (Remain:0)
意向 等级:1129A (Remain:0)
意向 等级:3129C (Remain:0)
意向 等级:3130A (Remain:0)
意向 等级:3127B (Remain:0)
意向 等级:1128A (Remain:0)
意向 等级:2229B (Remain:0)
意向 等级:4130A (Remain:0)
意向 等级:4132A (Remain:0)
意向 等级:4128C (Remain:0)
意向 等级:1130C (Remain:0)
意向 类别:S2U4P2 (125)
意向 类别:S2U2P3 (148)
意向 类别:S2U3P2 (135)
意向 类别:S3U3P3 (137)
意向 类别:S2U3P3 (136)
意向 类别:S2U3P1 (156)
意向 类别:S1U3P3 (139)
意向 类别:S3U2P1 (151)
意向 类别:S4U3P1 (131)
意向 类别:S1U2P2 (129)
意向 类别:S3U4P2 (131)
意向 类别:S1U2P3 (152)
意向 类别:S4U4P2 (136)
意向 类别:S4U3P2 (131)
意向 类别:S3U2P2 (141)
意向 类别:S3U3P2 (119)
意向 类别:S1U3P2 (120)
意向 类别:S2U2P1 (145)
意向 类别:S2U2P2 (121)
意向 类别:S4U3P3 (141)
意向 类别:S4U2P2 (172)
意向 类别:S3U2P3 (121)
意向 类别:S3U3P1 (139)
意向 年度:1920 (Remain:0)
意向 年度:2020 (Remain:0)
第二意向 类别数：18
产地_hope_group:0
仓库_hope_group:13
品牌_hope_group:0
年度_hope_group:2
等级_hope_group:2
类别_hope_group:0
意向 仓库:437 (481)
意向 仓库:438 (419)
意向 仓库:417 (432)
意向 仓库:435 (443)
意向 仓库:452 (409)
意向 仓库:112 (458)
意向 仓库:508 (439)
意向 仓库:445 (453)
意向 仓库:450 (449)
意向 仓库:441 (456)
意向 仓库:417 (Remain:432)
意向 仓库:449 (417)
意向 仓库:435 (Remain:443)
意向 仓库:428 (393)
意向 仓库:428 (Remain:393)
意向 仓库:409 (434)
意向 仓库:409 (Remain:434)
意向 仓库:112 (Remain:458)
意向 仓库:437 (Remain:0)
意向 仓库:438 (Remain:0)
意向 仓库:449 (Remain:0)
意向 仓库:452 (Remain:0)
意向 仓库:450 (Remain:0)
意向 仓库:445 (Remain:0)
意向 仓库:441 (Remain:0)
意向 仓库:508 (Remain:0)
意向 等级:1 (2860)
意向 等级:2 (2824)
意向 类别:S2U2P2 (Remain:0)
意向 类别:S3U4P2 (Remain:0)
意向 类别:S3U3P2 (Remain:0)
意向 类别:S2U3P3 (Remain:0)
意向 类别:S1U3P2 (Remain:0)
意向 类别:S2U4P2 (Remain:0)
意向 类别:S3U2P3 (Remain:0)
意向 类别:S2U3P2 (Remain:0)
意向 类别:S4U3P1 (Remain:0)
意向 类别:S1U3P3 (Remain:0)
意向 类别:S4U3P3 (Remain:0)
意向 类别:S4U3P2 (Remain:0)
意向 类别:S3U2P2 (Remain:0)
意向 类别:S1U2P3 (Remain:0)
意向 类别:S3U2P1 (Remain:0)
意向 类别:S4U4P2 (Remain:0)
意向 类别:S2U3P1 (Remain:0)
意向 类别:S3U3P1 (Remain:0)
意向 类别:S3U3P3 (Remain:0)
意向 类别:S1U2P2 (Remain:0)
意向 类别:S2U2P1 (Remain:0)
意向 类别:S4U2P2 (Remain:0)
意向 类别:S2U2P3 (Remain:0)
意向 年度:2020 (1657)
意向 年度:1920 (1604)
意向 等级:1 (Remain:0)
意向 等级:2 (Remain:0)
意向 年度:1920 (2914)
意向 年度:2020 (2850)
意向 年度:2020 (Remain:0)
意向 年度:1920 (Remain:0)
第三意向 类别数：5
产地_hope_group:0
仓库_hope_group:0
品牌_hope_group:0
年度_hope_group:2
等级_hope_group:2
类别_hope_group:0
意向 等级:2 (456)
意向 等级:1 (495)
意向 等级:2 (Remain:0)
意向 等级:1 (Remain:0)
意向 年度:1920 (461)
意向 年度:2020 (494)
意向 年度:1920 (Remain:0)
意向 年度:2020 (Remain:0)
第四意向 类别数：1
产地_hope_group:0
仓库_hope_group:0
品牌_hope_group:0
年度_hope_group:0
等级_hope_group:0
类别_hope_group:0
第五意向 类别数：1
产地_hope_group:0
仓库_hope_group:0
品牌_hope_group:0
年度_hope_group:0
等级_hope_group:0
类别_hope_group:0
有库存卖家人数:2212
有库存卖家货物数:207216
无意向买家人数:3431
无意向买家货物数:207216
==============================================================
总体贸易分单数：79277
==============================================================
获得意向分数：2753606
最大意向分数：4405090
意向得分率：62%
==============================================================
记录分数：4996700
总体分数：3650843
得分率：73%
==============================================================
