SR_Result
==============================================================
总体贸易分单数：79270
==============================================================
仓库得分：39.988303333334265
意向得分：39.839030000000754
得分率：79.8273333333344
==============================================================

Inter
==============================================================
总体贸易分单数：87005
==============================================================
仓库得分：39.96580333333419
意向得分：40.11735600000062
得分率：80.08315933333422
==============================================================


CF
==============================================================
总体贸易分单数：439421
==============================================================
仓库得分：39.99718800000053
意向得分：36.71531280000036
得分率：76.71250080000385
==============================================================

Inter
==============================================================
总体贸易分单数：440324
==============================================================
仓库得分：39.99542000000054
意向得分：36.766634400000385
得分率：76.76205440000385
==============================================================