卖家件数：429679
买家件数：100000
卖家件数：429679
买家件数：100000
品种：SR
具有第一意向的客户数：48961
具有第二意向的客户数：43500
具有第三意向的客户数：38055
具有第四意向的客户数：32722
具有第五意向的客户数：0
卖家数：29842
买家数：50000
卖家所有货物数：3000000
买家所有货物数：3000000
意向 品牌:冷山 (4501)
意向 品牌:骏马 (4480)
意向 品牌:中糖 (4402)
意向 品牌:绿原 (4499)
意向 品牌:蝶花 (4532)
意向 品牌:左江 (4463)
意向 品牌:蝶花 (Remain:2859)
意向 品牌:中糖 (Remain:2668)
意向 品牌:左江 (Remain:2567)
意向 品牌:绿原 (Remain:2428)
意向 品牌:冷山 (Remain:2296)
意向 品牌:骏马 (Remain:2450)
SR 第一意向(缺口)分配后买家有剩余（人数）:38391
SR 第一意向(缺口)分配后买家有剩余（货物数）:2297525
500/38391
1000/38391
1500/38391
2000/38391
2500/38391
Finished：仓库-449
RemainBuyerCnt:0
Finished：仓库-445
RemainBuyerCnt:0
3000/38391
Finished：仓库-438
RemainBuyerCnt:0
3500/38391
Finished：仓库-450
RemainBuyerCnt:0
4000/38391
4500/38391
Finished：仓库-409
RemainBuyerCnt:0
5000/38391
Finished：仓库-508
RemainBuyerCnt:0
5500/38391
Finished：仓库-112
RemainBuyerCnt:0
6000/38391
Finished：仓库-441
RemainBuyerCnt:0
Finished：仓库-452
RemainBuyerCnt:0
Finished：仓库-417
RemainBuyerCnt:0
6500/38391
Finished：仓库-428
RemainBuyerCnt:0
7000/38391
7500/38391
8000/38391
8500/38391
9000/38391
Finished：年度-1920
RemainBuyerCnt:0
9500/38391
10000/38391
10500/38391
Finished：等级-1
RemainBuyerCnt:0
11000/38391
11500/38391
12000/38391
12500/38391
13000/38391
Finished：年度-2020
RemainBuyerCnt:0
13500/38391
14000/38391
14500/38391
15000/38391
15500/38391
Finished：等级-2
RemainBuyerCnt:0
16000/38391
Finished：仓库-437
RemainBuyerCnt:0
Finished：仓库-435
RemainBuyerCnt:0
16500/38391
Finished：品牌-大湾江
RemainBuyerCnt:0
17000/38391
Finished：品牌-伟恒
RemainBuyerCnt:0
17500/38391
Finished：品牌-龙二
RemainBuyerCnt:0
18000/38391
Finished：品牌-四方
RemainBuyerCnt:0
Finished：品牌-那彭
RemainBuyerCnt:0
18500/38391
Finished：品牌-桂兴
RemainBuyerCnt:0
19000/38391
Finished：品牌-陆屋
RemainBuyerCnt:0
19500/38391
Finished：品牌-西沁
RemainBuyerCnt:0
20000/38391
Finished：品牌-甘岭
RemainBuyerCnt:0
Finished：品牌-龙田
RemainBuyerCnt:0
20500/38391
Finished：品牌-银盛
RemainBuyerCnt:0
21000/38391
Finished：品牌-仙人山
RemainBuyerCnt:0
21500/38391
Finished：品牌-黎山雪
RemainBuyerCnt:0
22000/38391
Finished：品牌-高航
RemainBuyerCnt:0
SR 第一意向分配后买家有剩余（人数）:16307
SR 第一意向分配后买家有剩余（货物数）:980180
Process:200/16307
Process:400/16307
Process:600/16307
Process:800/16307
Process:1000/16307
Process:1200/16307
Process:1400/16307
Process:1600/16307
Process:1800/16307
Process:2000/16307
Process:2200/16307
Process:2400/16307
Process:2600/16307
Process:2800/16307
Process:3000/16307
Process:3200/16307
Process:3400/16307
Process:3600/16307
Process:3800/16307
Process:4000/16307
Process:4200/16307
Process:4400/16307
Process:4600/16307
Process:4800/16307
Process:5000/16307
Process:5200/16307
Process:5400/16307
Process:5600/16307
Process:5800/16307
Process:6000/16307
Process:6200/16307
Process:6400/16307
Process:6600/16307
Process:6800/16307
Process:7000/16307
Process:7200/16307
Process:7400/16307
Process:7600/16307
Process:7800/16307
Process:8000/16307
Process:8200/16307
Process:8400/16307
Process:8600/16307
Process:8800/16307
Process:9000/16307
Process:9200/16307
Process:9400/16307
Process:9600/16307
Process:9800/16307
Process:10000/16307
Process:10200/16307
Process:10400/16307
Process:10600/16307
Process:10800/16307
Process:11000/16307
Process:11200/16307
Process:11400/16307
Process:11600/16307
Process:11800/16307
Process:12000/16307
Process:12200/16307
Process:12400/16307
Process:12600/16307
Process:12800/16307
Process:13000/16307
Process:13200/16307
Process:13400/16307
Process:13600/16307
Process:13800/16307
Process:14000/16307
Process:14200/16307
Process:14400/16307
Process:14600/16307
Process:14800/16307
Process:15000/16307
Process:15200/16307
Process:15400/16307
Process:15600/16307
Process:15800/16307
Process:16000/16307
Process:16200/16307
======策略号:3
======区分:SR
买家件数：100000
卖家件数：429679
开始检查SR数据：
意向顺序标记
分配记录数和买家货物数
买家货物和分配记录数
品牌:冷山
买方客户：999800037959
